  Camera.cpp
  DirectionalLight.cpp
C:\Users\PC\source\repos\OpenGlCourse\Begginner3DRenderer\OpenGlCourse\DirectionalLight.cpp(27,14): warning C4244: 'argument': conversion from 'GLfloat' to 'GLint', possible loss of data
  Light.cpp
C:\Users\PC\source\repos\OpenGlCourse\Begginner3DRenderer\OpenGlCourse\Light.cpp(29,14): warning C4244: 'argument': conversion from 'GLfloat' to 'GLint', possible loss of data
C:\Users\PC\source\repos\OpenGlCourse\Begginner3DRenderer\OpenGlCourse\Light.cpp(30,14): warning C4244: 'argument': conversion from 'GLfloat' to 'GLint', possible loss of data
C:\Users\PC\source\repos\OpenGlCourse\Begginner3DRenderer\OpenGlCourse\Light.cpp(32,14): warning C4244: 'argument': conversion from 'GLfloat' to 'GLint', possible loss of data
  main.cpp
C:\Users\PC\source\repos\OpenGlCourse\Begginner3DRenderer\OpenGlCourse\Window.h(16,36): warning C4244: 'return': conversion from 'GLint' to 'GLfloat', possible loss of data
  (compiling source file 'main.cpp')
  
C:\Users\PC\source\repos\OpenGlCourse\Begginner3DRenderer\OpenGlCourse\Window.h(17,37): warning C4244: 'return': conversion from 'GLint' to 'GLfloat', possible loss of data
  (compiling source file 'main.cpp')
  
C:\Users\PC\source\repos\OpenGlCourse\Begginner3DRenderer\OpenGlCourse\main.cpp(109,24): warning C4267: 'initializing': conversion from 'size_t' to 'unsigned int', possible loss of data
C:\Users\PC\source\repos\OpenGlCourse\Begginner3DRenderer\OpenGlCourse\main.cpp(357,15): warning C4244: 'initializing': conversion from 'double' to 'GLfloat', possible loss of data
  Mesh.cpp
  Model.cpp
C:\Users\PC\source\repos\OpenGlCourse\Begginner3DRenderer\OpenGlCourse\Model.cpp(14,10): warning C4477: 'printf' : format string '%s' requires an argument of type 'char *', but variadic argument 1 has type 'const std::string'
C:\Users\PC\source\repos\OpenGlCourse\Begginner3DRenderer\OpenGlCourse\Model.cpp(92,78): warning C4267: 'argument': conversion from 'size_t' to 'unsigned int', possible loss of data
C:\Users\PC\source\repos\OpenGlCourse\Begginner3DRenderer\OpenGlCourse\Model.cpp(92,62): warning C4267: 'argument': conversion from 'size_t' to 'unsigned int', possible loss of data
C:\Users\PC\source\repos\OpenGlCourse\Begginner3DRenderer\OpenGlCourse\Model.cpp(116,13): warning C4267: 'initializing': conversion from 'size_t' to 'int', possible loss of data
C:\Users\PC\source\repos\OpenGlCourse\Begginner3DRenderer\OpenGlCourse\Model.cpp(124,13): warning C4477: 'printf' : format string '%s' requires an argument of type 'char *', but variadic argument 1 has type 'std::string'
C:\Users\PC\source\repos\OpenGlCourse\Begginner3DRenderer\OpenGlCourse\Model.cpp(141,14): warning C4566: character represented by universal-character-name '\u2705' cannot be represented in the current code page (1254)
  PointLight.cpp
C:\Users\PC\source\repos\OpenGlCourse\Begginner3DRenderer\OpenGlCourse\PointLight.cpp(24,14): warning C4244: 'argument': conversion from 'GLfloat' to 'GLint', possible loss of data
C:\Users\PC\source\repos\OpenGlCourse\Begginner3DRenderer\OpenGlCourse\PointLight.cpp(25,14): warning C4244: 'argument': conversion from 'GLfloat' to 'GLint', possible loss of data
C:\Users\PC\source\repos\OpenGlCourse\Begginner3DRenderer\OpenGlCourse\PointLight.cpp(26,14): warning C4244: 'argument': conversion from 'GLfloat' to 'GLint', possible loss of data
C:\Users\PC\source\repos\OpenGlCourse\Begginner3DRenderer\OpenGlCourse\PointLight.cpp(27,14): warning C4244: 'argument': conversion from 'GLfloat' to 'GLint', possible loss of data
  Shader.cpp
C:\Users\PC\source\repos\OpenGlCourse\Begginner3DRenderer\OpenGlCourse\Shader.cpp(107,75): warning C4244: 'argument': conversion from 'GLuint' to 'GLfloat', possible loss of data
C:\Users\PC\source\repos\OpenGlCourse\Begginner3DRenderer\OpenGlCourse\Shader.cpp(107,26): warning C4244: 'argument': conversion from 'GLuint' to 'GLfloat', possible loss of data
C:\Users\PC\source\repos\OpenGlCourse\Begginner3DRenderer\OpenGlCourse\Shader.cpp(106,91): warning C4244: 'argument': conversion from 'GLuint' to 'GLfloat', possible loss of data
C:\Users\PC\source\repos\OpenGlCourse\Begginner3DRenderer\OpenGlCourse\Shader.cpp(106,42): warning C4244: 'argument': conversion from 'GLuint' to 'GLfloat', possible loss of data
C:\Users\PC\source\repos\OpenGlCourse\Begginner3DRenderer\OpenGlCourse\Shader.cpp(120,98): warning C4244: 'argument': conversion from 'GLuint' to 'GLfloat', possible loss of data
C:\Users\PC\source\repos\OpenGlCourse\Begginner3DRenderer\OpenGlCourse\Shader.cpp(120,62): warning C4244: 'argument': conversion from 'GLuint' to 'GLfloat', possible loss of data
C:\Users\PC\source\repos\OpenGlCourse\Begginner3DRenderer\OpenGlCourse\Shader.cpp(120,24): warning C4244: 'argument': conversion from 'GLuint' to 'GLfloat', possible loss of data
C:\Users\PC\source\repos\OpenGlCourse\Begginner3DRenderer\OpenGlCourse\Shader.cpp(119,70): warning C4244: 'argument': conversion from 'GLuint' to 'GLfloat', possible loss of data
C:\Users\PC\source\repos\OpenGlCourse\Begginner3DRenderer\OpenGlCourse\Shader.cpp(119,24): warning C4244: 'argument': conversion from 'GLuint' to 'GLfloat', possible loss of data
C:\Users\PC\source\repos\OpenGlCourse\Begginner3DRenderer\OpenGlCourse\Shader.cpp(118,88): warning C4244: 'argument': conversion from 'GLuint' to 'GLfloat', possible loss of data
C:\Users\PC\source\repos\OpenGlCourse\Begginner3DRenderer\OpenGlCourse\Shader.cpp(118,42): warning C4244: 'argument': conversion from 'GLuint' to 'GLfloat', possible loss of data
C:\Users\PC\source\repos\OpenGlCourse\Begginner3DRenderer\OpenGlCourse\Shader.cpp(137,23): warning C4244: 'argument': conversion from 'GLuint' to 'GLfloat', possible loss of data
C:\Users\PC\source\repos\OpenGlCourse\Begginner3DRenderer\OpenGlCourse\Shader.cpp(136,95): warning C4244: 'argument': conversion from 'GLuint' to 'GLfloat', possible loss of data
C:\Users\PC\source\repos\OpenGlCourse\Begginner3DRenderer\OpenGlCourse\Shader.cpp(136,60): warning C4244: 'argument': conversion from 'GLuint' to 'GLfloat', possible loss of data
C:\Users\PC\source\repos\OpenGlCourse\Begginner3DRenderer\OpenGlCourse\Shader.cpp(136,23): warning C4244: 'argument': conversion from 'GLuint' to 'GLfloat', possible loss of data
C:\Users\PC\source\repos\OpenGlCourse\Begginner3DRenderer\OpenGlCourse\Shader.cpp(135,105): warning C4244: 'argument': conversion from 'GLuint' to 'GLfloat', possible loss of data
C:\Users\PC\source\repos\OpenGlCourse\Begginner3DRenderer\OpenGlCourse\Shader.cpp(135,68): warning C4244: 'argument': conversion from 'GLuint' to 'GLfloat', possible loss of data
C:\Users\PC\source\repos\OpenGlCourse\Begginner3DRenderer\OpenGlCourse\Shader.cpp(135,23): warning C4244: 'argument': conversion from 'GLuint' to 'GLfloat', possible loss of data
C:\Users\PC\source\repos\OpenGlCourse\Begginner3DRenderer\OpenGlCourse\Shader.cpp(134,86): warning C4244: 'argument': conversion from 'GLuint' to 'GLfloat', possible loss of data
C:\Users\PC\source\repos\OpenGlCourse\Begginner3DRenderer\OpenGlCourse\Shader.cpp(134,41): warning C4244: 'argument': conversion from 'GLuint' to 'GLfloat', possible loss of data
C:\Users\PC\source\repos\OpenGlCourse\Begginner3DRenderer\OpenGlCourse\Shader.cpp(234,38): warning C4477: 'snprintf' : format string '%d' requires an argument of type 'int', but variadic argument 1 has type 'size_t'
      C:\Users\PC\source\repos\OpenGlCourse\Begginner3DRenderer\OpenGlCourse\Shader.cpp(234,38):
      consider using '%zd' in the format string
  
C:\Users\PC\source\repos\OpenGlCourse\Begginner3DRenderer\OpenGlCourse\Shader.cpp(237,38): warning C4477: 'snprintf' : format string '%d' requires an argument of type 'int', but variadic argument 1 has type 'size_t'
      C:\Users\PC\source\repos\OpenGlCourse\Begginner3DRenderer\OpenGlCourse\Shader.cpp(237,38):
      consider using '%zd' in the format string
  
C:\Users\PC\source\repos\OpenGlCourse\Begginner3DRenderer\OpenGlCourse\Shader.cpp(240,38): warning C4477: 'snprintf' : format string '%d' requires an argument of type 'int', but variadic argument 1 has type 'size_t'
      C:\Users\PC\source\repos\OpenGlCourse\Begginner3DRenderer\OpenGlCourse\Shader.cpp(240,38):
      consider using '%zd' in the format string
  
C:\Users\PC\source\repos\OpenGlCourse\Begginner3DRenderer\OpenGlCourse\Shader.cpp(243,38): warning C4477: 'snprintf' : format string '%d' requires an argument of type 'int', but variadic argument 1 has type 'size_t'
      C:\Users\PC\source\repos\OpenGlCourse\Begginner3DRenderer\OpenGlCourse\Shader.cpp(243,38):
      consider using '%zd' in the format string
  
C:\Users\PC\source\repos\OpenGlCourse\Begginner3DRenderer\OpenGlCourse\Shader.cpp(246,38): warning C4477: 'snprintf' : format string '%d' requires an argument of type 'int', but variadic argument 1 has type 'size_t'
      C:\Users\PC\source\repos\OpenGlCourse\Begginner3DRenderer\OpenGlCourse\Shader.cpp(246,38):
      consider using '%zd' in the format string
  
C:\Users\PC\source\repos\OpenGlCourse\Begginner3DRenderer\OpenGlCourse\Shader.cpp(249,38): warning C4477: 'snprintf' : format string '%d' requires an argument of type 'int', but variadic argument 1 has type 'size_t'
      C:\Users\PC\source\repos\OpenGlCourse\Begginner3DRenderer\OpenGlCourse\Shader.cpp(249,38):
      consider using '%zd' in the format string
  
C:\Users\PC\source\repos\OpenGlCourse\Begginner3DRenderer\OpenGlCourse\Shader.cpp(252,38): warning C4477: 'snprintf' : format string '%d' requires an argument of type 'int', but variadic argument 1 has type 'size_t'
      C:\Users\PC\source\repos\OpenGlCourse\Begginner3DRenderer\OpenGlCourse\Shader.cpp(252,38):
      consider using '%zd' in the format string
  
C:\Users\PC\source\repos\OpenGlCourse\Begginner3DRenderer\OpenGlCourse\Shader.cpp(262,38): warning C4477: 'snprintf' : format string '%d' requires an argument of type 'int', but variadic argument 1 has type 'size_t'
      C:\Users\PC\source\repos\OpenGlCourse\Begginner3DRenderer\OpenGlCourse\Shader.cpp(262,38):
      consider using '%zd' in the format string
  
C:\Users\PC\source\repos\OpenGlCourse\Begginner3DRenderer\OpenGlCourse\Shader.cpp(265,38): warning C4477: 'snprintf' : format string '%d' requires an argument of type 'int', but variadic argument 1 has type 'size_t'
      C:\Users\PC\source\repos\OpenGlCourse\Begginner3DRenderer\OpenGlCourse\Shader.cpp(265,38):
      consider using '%zd' in the format string
  
C:\Users\PC\source\repos\OpenGlCourse\Begginner3DRenderer\OpenGlCourse\Shader.cpp(268,38): warning C4477: 'snprintf' : format string '%d' requires an argument of type 'int', but variadic argument 1 has type 'size_t'
      C:\Users\PC\source\repos\OpenGlCourse\Begginner3DRenderer\OpenGlCourse\Shader.cpp(268,38):
      consider using '%zd' in the format string
  
C:\Users\PC\source\repos\OpenGlCourse\Begginner3DRenderer\OpenGlCourse\Shader.cpp(271,38): warning C4477: 'snprintf' : format string '%d' requires an argument of type 'int', but variadic argument 1 has type 'size_t'
      C:\Users\PC\source\repos\OpenGlCourse\Begginner3DRenderer\OpenGlCourse\Shader.cpp(271,38):
      consider using '%zd' in the format string
  
C:\Users\PC\source\repos\OpenGlCourse\Begginner3DRenderer\OpenGlCourse\Shader.cpp(274,38): warning C4477: 'snprintf' : format string '%d' requires an argument of type 'int', but variadic argument 1 has type 'size_t'
      C:\Users\PC\source\repos\OpenGlCourse\Begginner3DRenderer\OpenGlCourse\Shader.cpp(274,38):
      consider using '%zd' in the format string
  
C:\Users\PC\source\repos\OpenGlCourse\Begginner3DRenderer\OpenGlCourse\Shader.cpp(277,38): warning C4477: 'snprintf' : format string '%d' requires an argument of type 'int', but variadic argument 1 has type 'size_t'
      C:\Users\PC\source\repos\OpenGlCourse\Begginner3DRenderer\OpenGlCourse\Shader.cpp(277,38):
      consider using '%zd' in the format string
  
C:\Users\PC\source\repos\OpenGlCourse\Begginner3DRenderer\OpenGlCourse\Shader.cpp(280,38): warning C4477: 'snprintf' : format string '%d' requires an argument of type 'int', but variadic argument 1 has type 'size_t'
      C:\Users\PC\source\repos\OpenGlCourse\Begginner3DRenderer\OpenGlCourse\Shader.cpp(280,38):
      consider using '%zd' in the format string
  
C:\Users\PC\source\repos\OpenGlCourse\Begginner3DRenderer\OpenGlCourse\Shader.cpp(283,38): warning C4477: 'snprintf' : format string '%d' requires an argument of type 'int', but variadic argument 1 has type 'size_t'
      C:\Users\PC\source\repos\OpenGlCourse\Begginner3DRenderer\OpenGlCourse\Shader.cpp(283,38):
      consider using '%zd' in the format string
  
C:\Users\PC\source\repos\OpenGlCourse\Begginner3DRenderer\OpenGlCourse\Shader.cpp(286,38): warning C4477: 'snprintf' : format string '%d' requires an argument of type 'int', but variadic argument 1 has type 'size_t'
      C:\Users\PC\source\repos\OpenGlCourse\Begginner3DRenderer\OpenGlCourse\Shader.cpp(286,38):
      consider using '%zd' in the format string
  
C:\Users\PC\source\repos\OpenGlCourse\Begginner3DRenderer\OpenGlCourse\Shader.cpp(299,24): warning C4267: '=': conversion from 'size_t' to 'GLint', possible loss of data
  ShadowMap.cpp
  SpotLight.cpp
C:\Users\PC\source\repos\OpenGlCourse\Begginner3DRenderer\OpenGlCourse\SpotLight.cpp(35,14): warning C4244: 'argument': conversion from 'GLfloat' to 'GLint', possible loss of data
C:\Users\PC\source\repos\OpenGlCourse\Begginner3DRenderer\OpenGlCourse\SpotLight.cpp(36,14): warning C4244: 'argument': conversion from 'GLfloat' to 'GLint', possible loss of data
  Texture.cpp
C:\Users\PC\source\repos\OpenGlCourse\Begginner3DRenderer\OpenGlCourse\Texture.cpp(28,10): warning C4566: character represented by universal-character-name '\u274C' cannot be represented in the current code page (1254)
C:\Users\PC\source\repos\OpenGlCourse\Begginner3DRenderer\OpenGlCourse\Texture.cpp(36,15): warning C4566: character represented by universal-character-name '\u2705' cannot be represented in the current code page (1254)
C:\Users\PC\source\repos\OpenGlCourse\Begginner3DRenderer\OpenGlCourse\Texture.cpp(63,16): warning C4566: character represented by universal-character-name '\u274C' cannot be represented in the current code page (1254)
C:\Users\PC\source\repos\OpenGlCourse\Begginner3DRenderer\OpenGlCourse\Texture.cpp(71,15): warning C4566: character represented by universal-character-name '\u2705' cannot be represented in the current code page (1254)
  Generating code
  187 of 833 functions (22.4%) were compiled, the rest were copied from previous compilation.
    39 functions were new in current compilation
    24 functions had inline decision re-evaluated but remain unchanged
  Finished generating code
  OpenGlCourse.vcxproj -> C:\Users\PC\source\repos\OpenGlCourse\Begginner3DRenderer\x64\Release\OpenGlCourse.exe
