  main.cpp
C:\Users\PC\source\repos\OpenGlCourse\Begginner3DRenderer\OpenGlCourse\Window.h(16,36): warning C4244: 'return': conversion from 'GLint' to 'GLfloat', possible loss of data
  (compiling source file 'main.cpp')
  
C:\Users\PC\source\repos\OpenGlCourse\Begginner3DRenderer\OpenGlCourse\Window.h(17,37): warning C4244: 'return': conversion from 'GLint' to 'GLfloat', possible loss of data
  (compiling source file 'main.cpp')
  
C:\Users\PC\source\repos\OpenGlCourse\Begginner3DRenderer\OpenGlCourse\main.cpp(85,24): warning C4267: 'initializing': conversion from 'size_t' to 'unsigned int', possible loss of data
C:\Users\PC\source\repos\OpenGlCourse\Begginner3DRenderer\OpenGlCourse\main.cpp(150,15): warning C4244: 'initializing': conversion from 'double' to 'GLfloat', possible loss of data
C:\Users\PC\source\repos\OpenGlCourse\Begginner3DRenderer\OpenGlCourse\main.cpp(185,101): warning C4244: 'argument': conversion from 'GLuint' to 'GLfloat', possible loss of data
C:\Users\PC\source\repos\OpenGlCourse\Begginner3DRenderer\OpenGlCourse\main.cpp(185,76): warning C4244: 'argument': conversion from 'GLuint' to 'GLfloat', possible loss of data
C:\Users\PC\source\repos\OpenGlCourse\Begginner3DRenderer\OpenGlCourse\main.cpp(185,54): warning C4244: 'argument': conversion from 'GLuint' to 'GLfloat', possible loss of data
C:\Users\PC\source\repos\OpenGlCourse\Begginner3DRenderer\OpenGlCourse\main.cpp(185,29): warning C4244: 'argument': conversion from 'GLuint' to 'GLfloat', possible loss of data
  PointLight.cpp
C:\Users\PC\source\repos\OpenGlCourse\Begginner3DRenderer\OpenGlCourse\PointLight.cpp(24,14): warning C4244: 'argument': conversion from 'GLfloat' to 'GLint', possible loss of data
C:\Users\PC\source\repos\OpenGlCourse\Begginner3DRenderer\OpenGlCourse\PointLight.cpp(25,14): warning C4244: 'argument': conversion from 'GLfloat' to 'GLint', possible loss of data
C:\Users\PC\source\repos\OpenGlCourse\Begginner3DRenderer\OpenGlCourse\PointLight.cpp(26,14): warning C4244: 'argument': conversion from 'GLfloat' to 'GLint', possible loss of data
C:\Users\PC\source\repos\OpenGlCourse\Begginner3DRenderer\OpenGlCourse\PointLight.cpp(27,14): warning C4244: 'argument': conversion from 'GLfloat' to 'GLint', possible loss of data
  Shader.cpp
C:\Users\PC\source\repos\OpenGlCourse\Begginner3DRenderer\OpenGlCourse\Shader.cpp(175,24): warning C4267: '=': conversion from 'size_t' to 'GLint', possible loss of data
  Generating Code...
LINK : warning LNK4098: defaultlib 'MSVCRT' conflicts with use of other libs; use /NODEFAULTLIB:library
  OpenGlCourse.vcxproj -> C:\Users\PC\source\repos\OpenGlCourse\Begginner3DRenderer\x64\Debug\OpenGlCourse.exe
